<?xml version="1.0" encoding="UTF-8"?>
<testsuite name="ohtu.KauppaTest" tests="8" skipped="0" failures="0" errors="0" timestamp="2017-11-25T16:11:10" hostname="fuxi16" time="1.066">
  <properties/>
  <testcase name="uusiViiteNumeroJokaisellaMaksuTapahtumalla" classname="ohtu.KauppaTest" time="1.044"/>
  <testcase name="poistaKoristaToimiiOikein" classname="ohtu.KauppaTest" time="0.003"/>
  <testcase name="loppuneenTuotteenTilisiirtoOnnistuu" classname="ohtu.KauppaTest" time="0.003"/>
  <testcase name="ostoksenPaaytyttyaPankinMetodiaTilisiirtoKutsutaan" classname="ohtu.KauppaTest" time="0.004"/>
  <testcase name="tiliSiirtoaKutsutaanOikeillaParametreilla" classname="ohtu.KauppaTest" time="0.002"/>
  <testcase name="kahdenSamanTuotteenTilisiirtoOnnistuu" classname="ohtu.KauppaTest" time="0.002"/>
  <testcase name="aloitAsiointiNollaaTiedot" classname="ohtu.KauppaTest" time="0.002"/>
  <testcase name="tiliSiirtoToimiiKahdellaEriTuotteella" classname="ohtu.KauppaTest" time="0.002"/>
  <system-out><![CDATA[]]></system-out>
  <system-err><![CDATA[]]></system-err>
</testsuite>
